0 info it worked if it ends with ok
1 verbose cli [ '/Users/miniflycn/.nvm/versions/node/v4.3.2/bin/node',
1 verbose cli   '/Users/miniflycn/.nvm/versions/node/v4.3.2/lib/node_modules/tnpm/node_modules/npm/bin/npm-cli.js',
1 verbose cli   '--cache=/Users/miniflycn/.tnpm',
1 verbose cli   '--node_sqlite3_binary_host_mirror=https://tnpm-hz.oss-cn-hangzhou.aliyuncs.com/dist/',
1 verbose cli   '--fse_binary_host_mirror=https://tnpm-hz.oss-cn-hangzhou.aliyuncs.com/dist/fsevents/',
1 verbose cli   '--tmp=/Users/miniflycn/.tnpm_tmp',
1 verbose cli   '--progress=false',
1 verbose cli   '--no-proxy',
1 verbose cli   '--disturl=https://tnpm-hz.oss-cn-hangzhou.aliyuncs.com/dist/node',
1 verbose cli   '--userconfig=/Users/miniflycn/.tnpmrc',
1 verbose cli   '--registry=http://registry.npm.alibaba-inc.com',
1 verbose cli   'publish' ]
2 info using npm@3.10.8
3 info using node@v4.3.2
4 verbose publish [ '.' ]
5 silly cache add args [ '.', null ]
6 verbose cache add spec .
7 silly cache add parsed spec Result {
7 silly cache add   raw: '.',
7 silly cache add   scope: null,
7 silly cache add   escapedName: null,
7 silly cache add   name: null,
7 silly cache add   rawSpec: '.',
7 silly cache add   spec: '/Users/miniflycn/github/artery-loader',
7 silly cache add   type: 'directory' }
8 verbose addLocalDirectory /Users/miniflycn/.tnpm/@alife/artery-loader/0.0.9/package.tgz not in flight; packing
9 verbose correctMkdir /Users/miniflycn/.tnpm correctMkdir not in flight; initializing
10 info lifecycle @alife/artery-loader@0.0.9~prepublish: @alife/artery-loader@0.0.9
11 silly lifecycle @alife/artery-loader@0.0.9~prepublish: no script for prepublish, continuing
12 verbose tar pack [ '/Users/miniflycn/.tnpm/@alife/artery-loader/0.0.9/package.tgz',
12 verbose tar pack   '/Users/miniflycn/github/artery-loader' ]
13 verbose tarball /Users/miniflycn/.tnpm/@alife/artery-loader/0.0.9/package.tgz
14 verbose folder /Users/miniflycn/github/artery-loader
15 verbose addLocalTarball adding from inside cache /Users/miniflycn/.tnpm/@alife/artery-loader/0.0.9/package.tgz
16 verbose correctMkdir /Users/miniflycn/.tnpm correctMkdir not in flight; initializing
17 silly cache afterAdd @alife/artery-loader@0.0.9
18 verbose afterAdd /Users/miniflycn/.tnpm/@alife/artery-loader/0.0.9/package/package.json not in flight; writing
19 verbose correctMkdir /Users/miniflycn/.tnpm correctMkdir not in flight; initializing
20 verbose afterAdd /Users/miniflycn/.tnpm/@alife/artery-loader/0.0.9/package/package.json written
21 silly publish { name: '@alife/artery-loader',
21 silly publish   version: '0.0.9',
21 silly publish   description: '',
21 silly publish   main: 'index.js',
21 silly publish   scripts: { test: 'mocha' },
21 silly publish   author: '',
21 silly publish   license: 'MIT',
21 silly publish   devDependencies:
21 silly publish    { 'babel-core': '^6.18.0',
21 silly publish      'babel-loader': '^6.2.5',
21 silly publish      'babel-preset-es2015': '^6.18.0',
21 silly publish      eslint: '^2.9.0',
21 silly publish      'eslint-config-airbnb': '^8.0.0',
21 silly publish      'eslint-plugin-babel': '^3.2.0',
21 silly publish      'eslint-plugin-import': '^1.6.1',
21 silly publish      'eslint-plugin-jsx-a11y': '^1.0.4',
21 silly publish      'eslint-plugin-react': '^5.0.1',
21 silly publish      mocha: '^3.1.2',
21 silly publish      should: '^11.1.1' },
21 silly publish   dependencies:
21 silly publish    { 'artery-htmlparser': '^0.0.2',
21 silly publish      entities: '^1.1.1',
21 silly publish      'indent-string': '^3.0.0' },
21 silly publish   publishConfig: { registry: 'http://registry.npm.alibaba-inc.com' },
21 silly publish   gitHead: '15eb51be7bf7ff06c1e02995293950c4a3da73db',
21 silly publish   readme: 'ERROR: No README data found!',
21 silly publish   _id: '@alife/artery-loader@0.0.9',
21 silly publish   _shasum: '37ba18a06d7b16843eb410b69b59b32e6a49368b',
21 silly publish   _from: '.' }
22 verbose getPublishConfig { registry: 'http://registry.npm.alibaba-inc.com' }
23 silly mapToRegistry name @alife/artery-loader
24 silly mapToRegistry scope (from package name) @alife
25 verbose mapToRegistry no registry URL found in name for scope @alife
26 silly mapToRegistry using default registry
27 silly mapToRegistry registry http://registry.npm.alibaba-inc.com
28 silly mapToRegistry data Result {
28 silly mapToRegistry   raw: '@alife/artery-loader',
28 silly mapToRegistry   scope: '@alife',
28 silly mapToRegistry   escapedName: '@alife%2fartery-loader',
28 silly mapToRegistry   name: '@alife/artery-loader',
28 silly mapToRegistry   rawSpec: '',
28 silly mapToRegistry   spec: 'latest',
28 silly mapToRegistry   type: 'tag' }
29 silly mapToRegistry uri http://registry.npm.alibaba-inc.com/@alife%2fartery-loader
30 verbose publish registryBase http://registry.npm.alibaba-inc.com/
31 silly publish uploading /Users/miniflycn/.tnpm/@alife/artery-loader/0.0.9/package.tgz
32 verbose request uri http://registry.npm.alibaba-inc.com/@alife%2fartery-loader
33 verbose request sending authorization for write operation
34 info attempt registry request try #1 at 14:43:55
35 verbose request id d3f6070907562c20
36 http request PUT http://registry.npm.alibaba-inc.com/@alife%2fartery-loader
37 http 403 http://registry.npm.alibaba-inc.com/@alife%2fartery-loader
38 verbose headers { server: 'Tengine',
38 verbose headers   date: 'Mon, 06 Feb 2017 06:43:56 GMT',
38 verbose headers   'content-type': 'application/json; charset=utf-8',
38 verbose headers   'content-length': '74',
38 verbose headers   connection: 'keep-alive',
38 verbose headers   'x-current-requests': '1',
38 verbose headers   'x-readtime': '167' }
39 verbose request invalidating /Users/miniflycn/.tnpm/registry.npm.alibaba-inc.com/_40alife_252fartery-loader on PUT
40 error publish Failed PUT 403
41 verbose stack Error: forbidden cannot modify pre-existing version: 0.0.9: @alife/artery-loader
41 verbose stack     at makeError (/Users/miniflycn/.nvm/versions/node/v4.3.2/lib/node_modules/tnpm/node_modules/npm/node_modules/npm-registry-client/lib/request.js:302:12)
41 verbose stack     at CachingRegistryClient.<anonymous> (/Users/miniflycn/.nvm/versions/node/v4.3.2/lib/node_modules/tnpm/node_modules/npm/node_modules/npm-registry-client/lib/request.js:290:14)
41 verbose stack     at Request._callback (/Users/miniflycn/.nvm/versions/node/v4.3.2/lib/node_modules/tnpm/node_modules/npm/node_modules/npm-registry-client/lib/request.js:210:14)
41 verbose stack     at Request.self.callback (/Users/miniflycn/.nvm/versions/node/v4.3.2/lib/node_modules/tnpm/node_modules/npm/node_modules/request/request.js:187:22)
41 verbose stack     at emitTwo (events.js:87:13)
41 verbose stack     at Request.emit (events.js:172:7)
41 verbose stack     at Request.<anonymous> (/Users/miniflycn/.nvm/versions/node/v4.3.2/lib/node_modules/tnpm/node_modules/npm/node_modules/request/request.js:1044:10)
41 verbose stack     at emitOne (events.js:77:13)
41 verbose stack     at Request.emit (events.js:169:7)
41 verbose stack     at IncomingMessage.<anonymous> (/Users/miniflycn/.nvm/versions/node/v4.3.2/lib/node_modules/tnpm/node_modules/npm/node_modules/request/request.js:965:12)
42 verbose statusCode 403
43 verbose pkgid @alife/artery-loader
44 verbose cwd /Users/miniflycn/github/artery-loader
45 error Darwin 16.4.0
46 error argv "/Users/miniflycn/.nvm/versions/node/v4.3.2/bin/node" "/Users/miniflycn/.nvm/versions/node/v4.3.2/lib/node_modules/tnpm/node_modules/npm/bin/npm-cli.js" "--cache=/Users/miniflycn/.tnpm" "--node_sqlite3_binary_host_mirror=https://tnpm-hz.oss-cn-hangzhou.aliyuncs.com/dist/" "--fse_binary_host_mirror=https://tnpm-hz.oss-cn-hangzhou.aliyuncs.com/dist/fsevents/" "--tmp=/Users/miniflycn/.tnpm_tmp" "--progress=false" "--no-proxy" "--disturl=https://tnpm-hz.oss-cn-hangzhou.aliyuncs.com/dist/node" "--userconfig=/Users/miniflycn/.tnpmrc" "--registry=http://registry.npm.alibaba-inc.com" "publish"
47 error node v4.3.2
48 error npm  v3.10.8
49 error code E403
50 error forbidden cannot modify pre-existing version: 0.0.9: @alife/artery-loader
51 error If you need help, you may report this error at:
51 error     <https://github.com/npm/npm/issues>
52 verbose exit [ 1, true ]
